MySampleApp/app/build/outputs/logs/manifest-merger-debug-report.txt
-- Merging decision tree log ---
manifest
ADDED from src/main/AndroidManifest.xml:16:1-45:12
	package
		ADDED from src/main/AndroidManifest.xml:17:5-30
		INJECTED from src/main/AndroidManifest.xml
		INJECTED from src/main/AndroidManifest.xml
	android:versionName
		INJECTED from src/main/AndroidManifest.xml
		INJECTED from src/main/AndroidManifest.xml
	xmlns:android
		ADDED from src/main/AndroidManifest.xml:16:11-69
	android:versionCode
		INJECTED from src/main/AndroidManifest.xml
		INJECTED from src/main/AndroidManifest.xml
uses-permission#android.permission.INTERNET
ADDED from src/main/AndroidManifest.xml:19:5-67
	android:name
		ADDED from src/main/AndroidManifest.xml:19:22-64
uses-permission#android.permission.ACCESS_NETWORK_STATE
ADDED from src/main/AndroidManifest.xml:20:5-79
	android:name
		ADDED from src/main/AndroidManifest.xml:20:22-76
uses-permission#android.permission.ACCESS_WIFI_STATE
ADDED from src/main/AndroidManifest.xml:21:5-76
	android:name
		ADDED from src/main/AndroidManifest.xml:21:22-73
application
ADDED from src/main/AndroidManifest.xml:23:5-44:19
MERGED from [MySampleApp:AWSMobileHelper:unspecified] AndroidManifest.xml:19:5-68:19
MERGED from [com.android.support:appcompat-v7:24.2.0] AndroidManifest.xml:25:5-20
MERGED from [com.android.support:animated-vector-drawable:24.2.0] AndroidManifest.xml:22:5-20
MERGED from [com.android.support:support-vector-drawable:24.2.0] AndroidManifest.xml:23:5-20
MERGED from [com.android.support:support-v4:24.2.0] AndroidManifest.xml:25:5-20
MERGED from [com.android.support:support-fragment:24.2.0] AndroidManifest.xml:25:5-20
MERGED from [com.android.support:support-core-utils:24.2.0] AndroidManifest.xml:25:5-20
MERGED from [com.android.support:support-media-compat:24.2.0] AndroidManifest.xml:25:5-20
MERGED from [com.android.support:support-core-ui:24.2.0] AndroidManifest.xml:25:5-20
MERGED from [com.android.support:support-compat:24.2.0] AndroidManifest.xml:25:5-20
	android:label
		ADDED from src/main/AndroidManifest.xml:26:9-41
	android:supportsRtl
		ADDED from [MySampleApp:AWSMobileHelper:unspecified] AndroidManifest.xml:22:9-35
	android:allowBackup
		ADDED from src/main/AndroidManifest.xml:24:9-35
	android:icon
		ADDED from src/main/AndroidManifest.xml:25:9-43
	android:theme
		ADDED from src/main/AndroidManifest.xml:27:9-40
	android:name
		ADDED from src/main/AndroidManifest.xml:28:9-51
activity#com.mysampleapp.SplashActivity
ADDED from src/main/AndroidManifest.xml:30:9-38:20
	android:label
		ADDED from src/main/AndroidManifest.xml:32:13-45
	android:configChanges
		ADDED from src/main/AndroidManifest.xml:33:13-83
	android:name
		ADDED from src/main/AndroidManifest.xml:31:13-43
intent-filter#android.intent.action.MAIN+android.intent.category.LAUNCHER
ADDED from src/main/AndroidManifest.xml:34:13-37:29
action#android.intent.action.MAIN
ADDED from src/main/AndroidManifest.xml:35:17-69
	android:name
		ADDED from src/main/AndroidManifest.xml:35:25-66
category#android.intent.category.LAUNCHER
ADDED from src/main/AndroidManifest.xml:36:17-77
	android:name
		ADDED from src/main/AndroidManifest.xml:36:27-74
activity#com.mysampleapp.MainActivity
ADDED from src/main/AndroidManifest.xml:39:9-43:20
	android:label
		ADDED from src/main/AndroidManifest.xml:42:13-56
	android:launchMode
		ADDED from src/main/AndroidManifest.xml:41:13-48
	android:name
		ADDED from src/main/AndroidManifest.xml:40:13-41
uses-sdk
INJECTED from src/main/AndroidManifest.xml reason: use-sdk injection requested
MERGED from [com.android.support:multidex:1.0.1] AndroidManifest.xml:18:5-42
MERGED from [MySampleApp:AWSMobileHelper:unspecified] AndroidManifest.xml:15:5-17:41
MERGED from [com.android.support:appcompat-v7:24.2.0] AndroidManifest.xml:21:5-23:78
MERGED from [com.android.support:animated-vector-drawable:24.2.0] AndroidManifest.xml:20:5-44
MERGED from [com.android.support:support-vector-drawable:24.2.0] AndroidManifest.xml:21:5-43
MERGED from [com.android.support:support-v4:24.2.0] AndroidManifest.xml:21:5-23:54
MERGED from [com.android.support:support-fragment:24.2.0] AndroidManifest.xml:21:5-23:60
MERGED from [com.android.support:support-core-utils:24.2.0] AndroidManifest.xml:21:5-23:61
MERGED from [com.android.support:support-media-compat:24.2.0] AndroidManifest.xml:21:5-23:63
MERGED from [com.android.support:support-core-ui:24.2.0] AndroidManifest.xml:21:5-23:58
MERGED from [com.android.support:support-compat:24.2.0] AndroidManifest.xml:21:5-23:58
	tools:overrideLibrary
		ADDED from [com.android.support:appcompat-v7:24.2.0] AndroidManifest.xml:23:9-75
	android:targetSdkVersion
		INJECTED from src/main/AndroidManifest.xml
		INJECTED from src/main/AndroidManifest.xml
	android:minSdkVersion
		INJECTED from src/main/AndroidManifest.xml
		INJECTED from src/main/AndroidManifest.xml
activity#com.amazonaws.mobilehelper.auth.signin.SignInActivity
ADDED from [MySampleApp:AWSMobileHelper:unspecified] AndroidManifest.xml:23:9-27:20
	android:label
		ADDED from [MySampleApp:AWSMobileHelper:unspecified] AndroidManifest.xml:26:13-59
	android:configChanges
		ADDED from [MySampleApp:AWSMobileHelper:unspecified] AndroidManifest.xml:25:13-83
	android:name
		ADDED from [MySampleApp:AWSMobileHelper:unspecified] AndroidManifest.xml:24:13-81
activity#com.amazonaws.mobilehelper.auth.signin.userpools.ForgotPasswordActivity
ADDED from [MySampleApp:AWSMobileHelper:unspecified] AndroidManifest.xml:28:9-32:20
	android:label
		ADDED from [MySampleApp:AWSMobileHelper:unspecified] AndroidManifest.xml:31:13-67
	android:configChanges
		ADDED from [MySampleApp:AWSMobileHelper:unspecified] AndroidManifest.xml:30:13-83
	android:name
		ADDED from [MySampleApp:AWSMobileHelper:unspecified] AndroidManifest.xml:29:13-99
activity#com.amazonaws.mobilehelper.auth.signin.userpools.SignUpActivity
ADDED from [MySampleApp:AWSMobileHelper:unspecified] AndroidManifest.xml:33:9-37:20
	android:label
		ADDED from [MySampleApp:AWSMobileHelper:unspecified] AndroidManifest.xml:36:13-59
	android:configChanges
		ADDED from [MySampleApp:AWSMobileHelper:unspecified] AndroidManifest.xml:35:13-83
	android:name
		ADDED from [MySampleApp:AWSMobileHelper:unspecified] AndroidManifest.xml:34:13-91
activity#com.amazonaws.mobilehelper.auth.signin.userpools.MFAActivity
ADDED from [MySampleApp:AWSMobileHelper:unspecified] AndroidManifest.xml:38:9-42:20
	android:label
		ADDED from [MySampleApp:AWSMobileHelper:unspecified] AndroidManifest.xml:41:13-55
	android:configChanges
		ADDED from [MySampleApp:AWSMobileHelper:unspecified] AndroidManifest.xml:40:13-83
	android:name
		ADDED from [MySampleApp:AWSMobileHelper:unspecified] AndroidManifest.xml:39:13-88
activity#com.amazonaws.mobilehelper.auth.signin.userpools.SignUpConfirmActivity
ADDED from [MySampleApp:AWSMobileHelper:unspecified] AndroidManifest.xml:43:9-47:20
	android:label
		ADDED from [MySampleApp:AWSMobileHelper:unspecified] AndroidManifest.xml:46:13-67
	android:configChanges
		ADDED from [MySampleApp:AWSMobileHelper:unspecified] AndroidManifest.xml:45:13-83
	android:name
		ADDED from [MySampleApp:AWSMobileHelper:unspecified] AndroidManifest.xml:44:13-98
activity#com.amazonaws.mobilehelper.UserHomeActivity
ADDED from [MySampleApp:AWSMobileHelper:unspecified] AndroidManifest.xml:48:9-51:20
	android:label
		ADDED from [MySampleApp:AWSMobileHelper:unspecified] AndroidManifest.xml:50:13-33
	android:name
		ADDED from [MySampleApp:AWSMobileHelper:unspecified] AndroidManifest.xml:49:13-71
activity#com.amazonaws.mobilehelper.UserPantryActivity
ADDED from [MySampleApp:AWSMobileHelper:unspecified] AndroidManifest.xml:52:9-55:20
	android:label
		ADDED from [MySampleApp:AWSMobileHelper:unspecified] AndroidManifest.xml:54:13-35
	android:name
		ADDED from [MySampleApp:AWSMobileHelper:unspecified] AndroidManifest.xml:53:13-73
activity#com.amazonaws.mobilehelper.UserChosenRecipeActivity
ADDED from [MySampleApp:AWSMobileHelper:unspecified] AndroidManifest.xml:56:9-59:20
	android:label
		ADDED from [MySampleApp:AWSMobileHelper:unspecified] AndroidManifest.xml:58:13-45
	android:name
		ADDED from [MySampleApp:AWSMobileHelper:unspecified] AndroidManifest.xml:57:13-79
activity#com.amazonaws.mobilehelper.UserRecipeActivity
ADDED from [MySampleApp:AWSMobileHelper:unspecified] AndroidManifest.xml:60:9-63:20
	android:label
		ADDED from [MySampleApp:AWSMobileHelper:unspecified] AndroidManifest.xml:62:13-39
	android:name
		ADDED from [MySampleApp:AWSMobileHelper:unspecified] AndroidManifest.xml:61:13-73
activity#com.amazonaws.mobilehelper.EditDataActivity
ADDED from [MySampleApp:AWSMobileHelper:unspecified] AndroidManifest.xml:64:9-67:20
	android:label
		ADDED from [MySampleApp:AWSMobileHelper:unspecified] AndroidManifest.xml:66:13-39
	android:name
		ADDED from [MySampleApp:AWSMobileHelper:unspecified] AndroidManifest.xml:65:13-71